<?xml version="1.0" encoding="UTF-8"?>
<!-- Generated by org.testng.reporters.JUnitReportReporter -->
<testsuite hostname="DESKTOP-3GRQV68" failures="0" tests="4" name="Report.day7.Task2" time="0.032" errors="0" timestamp="2023-06-02T14:49:56 IST" skipped="0">
  <testcase classname="Report.day7.Task2" name="multiply" time="0.002"/>
  <system-out/>
  <testcase classname="Report.day7.Task2" name="divide" time="0.002"/>
  <system-out/>
  <testcase classname="Report.day7.Task2" name="add" time="0.026"/>
  <system-out/>
  <testcase classname="Report.day7.Task2" name="subtract" time="0.002"/>
  <system-out/>
</testsuite> <!-- Report.day7.Task2 -->
